<?xml version="1.0" encoding="UTF-8"?>
<testng-results ignored="0" total="4" passed="3" failed="1" skipped="0">
  <reporter-output>
  </reporter-output>
  <suite started-at="2024-10-16T16:55:39 IST" name="Suite" finished-at="2024-10-16T16:56:28 IST" duration-ms="49094">
    <groups>
    </groups>
    <test started-at="2024-10-16T16:55:39 IST" name="Test" finished-at="2024-10-16T16:56:28 IST" duration-ms="49094">
      <class name="vtigerTests.CreateContactTest">
        <test-method is-config="true" signature="classConfig()[pri:0, instance:vtigerTests.CreateContactTest@5b239d7d]" started-at="2024-10-16T16:55:39 IST" name="classConfig" finished-at="2024-10-16T16:55:41 IST" duration-ms="1318" status="PASS">
          <reporter-output>
          </reporter-output>
        </test-method> <!-- classConfig -->
        <test-method is-config="true" signature="methodConfig()[pri:0, instance:vtigerTests.CreateContactTest@5b239d7d]" started-at="2024-10-16T16:55:41 IST" name="methodConfig" finished-at="2024-10-16T16:55:44 IST" duration-ms="3022" status="PASS">
          <reporter-output>
          </reporter-output>
        </test-method> <!-- methodConfig -->
        <test-method signature="createContactWithOrgTest()[pri:0, instance:vtigerTests.CreateContactTest@5b239d7d]" started-at="2024-10-16T16:55:44 IST" name="createContactWithOrgTest" finished-at="2024-10-16T16:55:52 IST" duration-ms="7900" status="PASS">
          <reporter-output>
          </reporter-output>
        </test-method> <!-- createContactWithOrgTest -->
        <test-method is-config="true" signature="methodTeardown()[pri:0, instance:vtigerTests.CreateContactTest@5b239d7d]" started-at="2024-10-16T16:55:52 IST" name="methodTeardown" finished-at="2024-10-16T16:55:53 IST" duration-ms="1169" status="PASS">
          <reporter-output>
          </reporter-output>
        </test-method> <!-- methodTeardown -->
        <test-method is-config="true" signature="classTeardown()[pri:0, instance:vtigerTests.CreateContactTest@5b239d7d]" started-at="2024-10-16T16:55:53 IST" name="classTeardown" finished-at="2024-10-16T16:55:53 IST" duration-ms="153" status="PASS">
          <reporter-output>
          </reporter-output>
        </test-method> <!-- classTeardown -->
      </class> <!-- vtigerTests.CreateContactTest -->
      <class name="vtigerTests.CreateOrganizationTest">
        <test-method is-config="true" signature="classConfig()[pri:0, instance:vtigerTests.CreateOrganizationTest@6c64cb25]" started-at="2024-10-16T16:56:06 IST" name="classConfig" finished-at="2024-10-16T16:56:07 IST" duration-ms="1000" status="PASS">
          <reporter-output>
          </reporter-output>
        </test-method> <!-- classConfig -->
        <test-method is-config="true" signature="methodConfig()[pri:0, instance:vtigerTests.CreateOrganizationTest@6c64cb25]" started-at="2024-10-16T16:56:07 IST" name="methodConfig" finished-at="2024-10-16T16:56:09 IST" duration-ms="2579" status="PASS">
          <reporter-output>
          </reporter-output>
        </test-method> <!-- methodConfig -->
        <test-method signature="createOrgTest()[pri:0, instance:vtigerTests.CreateOrganizationTest@6c64cb25]" started-at="2024-10-16T16:56:09 IST" name="createOrgTest" finished-at="2024-10-16T16:56:17 IST" duration-ms="7365" status="FAIL">
          <exception class="java.lang.AssertionError">
            <message>
              <![CDATA[The following asserts failed:
expected [Creati New Organization] but found [Creating New Organization]]]>
            </message>
            <full-stacktrace>
              <![CDATA[java.lang.AssertionError: The following asserts failed:
expected [Creati New Organization] but found [Creating New Organization]
at org.testng.asserts.SoftAssert.assertAll(SoftAssert.java:47)
at org.testng.asserts.SoftAssert.assertAll(SoftAssert.java:31)
at vtigerTests.CreateOrganizationTest.createOrgTest(CreateOrganizationTest.java:39)
at java.base/jdk.internal.reflect.NativeMethodAccessorImpl.invoke0(Native Method)
at java.base/jdk.internal.reflect.NativeMethodAccessorImpl.invoke(NativeMethodAccessorImpl.java:77)
at java.base/jdk.internal.reflect.DelegatingMethodAccessorImpl.invoke(DelegatingMethodAccessorImpl.java:43)
at java.base/java.lang.reflect.Method.invoke(Method.java:568)
at org.testng.internal.MethodInvocationHelper.invokeMethod(MethodInvocationHelper.java:133)
at org.testng.internal.TestInvoker.invokeMethod(TestInvoker.java:598)
at org.testng.internal.TestInvoker.invokeTestMethod(TestInvoker.java:173)
at org.testng.internal.MethodRunner.runInSequence(MethodRunner.java:46)
at org.testng.internal.TestInvoker$MethodInvocationAgent.invoke(TestInvoker.java:824)
at org.testng.internal.TestInvoker.invokeTestMethods(TestInvoker.java:146)
at org.testng.internal.TestMethodWorker.invokeTestMethods(TestMethodWorker.java:146)
at org.testng.internal.TestMethodWorker.run(TestMethodWorker.java:128)
at java.base/java.util.ArrayList.forEach(ArrayList.java:1511)
at org.testng.TestRunner.privateRun(TestRunner.java:794)
at org.testng.TestRunner.run(TestRunner.java:596)
at org.testng.SuiteRunner.runTest(SuiteRunner.java:377)
at org.testng.SuiteRunner.runSequentially(SuiteRunner.java:371)
at org.testng.SuiteRunner.privateRun(SuiteRunner.java:332)
at org.testng.SuiteRunner.run(SuiteRunner.java:276)
at org.testng.SuiteRunnerWorker.runSuite(SuiteRunnerWorker.java:53)
at org.testng.SuiteRunnerWorker.run(SuiteRunnerWorker.java:96)
at org.testng.TestNG.runSuitesSequentially(TestNG.java:1212)
at org.testng.TestNG.runSuitesLocally(TestNG.java:1134)
at org.testng.TestNG.runSuites(TestNG.java:1063)
at org.testng.TestNG.run(TestNG.java:1031)
at org.testng.remote.AbstractRemoteTestNG.run(AbstractRemoteTestNG.java:115)
at org.testng.remote.RemoteTestNG.initAndRun(RemoteTestNG.java:251)
at org.testng.remote.RemoteTestNG.main(RemoteTestNG.java:77)
]]>
            </full-stacktrace>
          </exception> <!-- java.lang.AssertionError -->
          <reporter-output>
          </reporter-output>
        </test-method> <!-- createOrgTest -->
        <test-method is-config="true" signature="methodTeardown()[pri:0, instance:vtigerTests.CreateOrganizationTest@6c64cb25]" started-at="2024-10-16T16:56:17 IST" name="methodTeardown" finished-at="2024-10-16T16:56:18 IST" duration-ms="1076" status="PASS">
          <reporter-output>
          </reporter-output>
        </test-method> <!-- methodTeardown -->
        <test-method is-config="true" signature="classTeardown()[pri:0, instance:vtigerTests.CreateOrganizationTest@6c64cb25]" started-at="2024-10-16T16:56:18 IST" name="classTeardown" finished-at="2024-10-16T16:56:18 IST" duration-ms="157" status="PASS">
          <reporter-output>
          </reporter-output>
        </test-method> <!-- classTeardown -->
      </class> <!-- vtigerTests.CreateOrganizationTest -->
      <class name="vtigerTests.CreateAndDuplicateLeadTest">
        <test-method is-config="true" signature="classConfig()[pri:0, instance:vtigerTests.CreateAndDuplicateLeadTest@245b4bdc]" started-at="2024-10-16T16:55:53 IST" name="classConfig" finished-at="2024-10-16T16:55:54 IST" duration-ms="1013" status="PASS">
          <reporter-output>
          </reporter-output>
        </test-method> <!-- classConfig -->
        <test-method is-config="true" signature="methodConfig()[pri:0, instance:vtigerTests.CreateAndDuplicateLeadTest@245b4bdc]" started-at="2024-10-16T16:55:54 IST" name="methodConfig" finished-at="2024-10-16T16:55:56 IST" duration-ms="2480" status="PASS">
          <reporter-output>
          </reporter-output>
        </test-method> <!-- methodConfig -->
        <test-method signature="createLeadTest()[pri:0, instance:vtigerTests.CreateAndDuplicateLeadTest@245b4bdc]" started-at="2024-10-16T16:55:56 IST" name="createLeadTest" finished-at="2024-10-16T16:56:05 IST" duration-ms="8263" status="PASS">
          <reporter-output>
          </reporter-output>
        </test-method> <!-- createLeadTest -->
        <test-method is-config="true" signature="methodTeardown()[pri:0, instance:vtigerTests.CreateAndDuplicateLeadTest@245b4bdc]" started-at="2024-10-16T16:56:05 IST" name="methodTeardown" finished-at="2024-10-16T16:56:06 IST" duration-ms="1084" status="PASS">
          <reporter-output>
          </reporter-output>
        </test-method> <!-- methodTeardown -->
        <test-method is-config="true" signature="classTeardown()[pri:0, instance:vtigerTests.CreateAndDuplicateLeadTest@245b4bdc]" started-at="2024-10-16T16:56:06 IST" name="classTeardown" finished-at="2024-10-16T16:56:06 IST" duration-ms="167" status="PASS">
          <reporter-output>
          </reporter-output>
        </test-method> <!-- classTeardown -->
      </class> <!-- vtigerTests.CreateAndDuplicateLeadTest -->
      <class name="vtigerTests.CreateEventTest">
        <test-method is-config="true" signature="classConfig()[pri:0, instance:vtigerTests.CreateEventTest@6ae5aa72]" started-at="2024-10-16T16:56:18 IST" name="classConfig" finished-at="2024-10-16T16:56:19 IST" duration-ms="1001" status="PASS">
          <reporter-output>
          </reporter-output>
        </test-method> <!-- classConfig -->
        <test-method is-config="true" signature="methodConfig()[pri:0, instance:vtigerTests.CreateEventTest@6ae5aa72]" started-at="2024-10-16T16:56:19 IST" name="methodConfig" finished-at="2024-10-16T16:56:22 IST" duration-ms="2479" status="PASS">
          <reporter-output>
          </reporter-output>
        </test-method> <!-- methodConfig -->
        <test-method signature="createEventTest()[pri:0, instance:vtigerTests.CreateEventTest@6ae5aa72]" started-at="2024-10-16T16:56:22 IST" name="createEventTest" finished-at="2024-10-16T16:56:26 IST" duration-ms="3907" status="PASS">
          <reporter-output>
          </reporter-output>
        </test-method> <!-- createEventTest -->
        <test-method is-config="true" signature="methodTeardown()[pri:0, instance:vtigerTests.CreateEventTest@6ae5aa72]" started-at="2024-10-16T16:56:26 IST" name="methodTeardown" finished-at="2024-10-16T16:56:28 IST" duration-ms="2434" status="PASS">
          <reporter-output>
          </reporter-output>
        </test-method> <!-- methodTeardown -->
        <test-method is-config="true" signature="classTeardown()[pri:0, instance:vtigerTests.CreateEventTest@6ae5aa72]" started-at="2024-10-16T16:56:28 IST" name="classTeardown" finished-at="2024-10-16T16:56:28 IST" duration-ms="163" status="PASS">
          <reporter-output>
          </reporter-output>
        </test-method> <!-- classTeardown -->
      </class> <!-- vtigerTests.CreateEventTest -->
    </test> <!-- Test -->
  </suite> <!-- Suite -->
</testng-results>
